{"/Users/dev03/proyects/kanbee/src/app/_layout.tsx": {"path":"/Users/dev03/proyects/kanbee/src/app/_layout.tsx","statementMap":{"0":{"start":{"line":13,"column":22},"end":{"line":13,"column":38}},"1":{"start":{"line":15,"column":24},"end":{"line":23,"column":3}},"2":{"start":{"line":16,"column":11},"end":{"line":21,"column":5}},"3":{"start":{"line":25,"column":2},"end":{"line":40,"column":3}}},"fnMap":{"0":{"name":"RootLayout","decl":{"start":{"line":12,"column":24},"end":{"line":12,"column":34}},"loc":{"start":{"line":12,"column":37},"end":{"line":41,"column":1}},"line":12},"1":{"name":"(anonymous_1)","decl":{"start":{"line":16,"column":4},"end":{"line":16,"column":5}},"loc":{"start":{"line":16,"column":11},"end":{"line":21,"column":5}},"line":16}},"branchMap":{"0":{"loc":{"start":{"line":19,"column":25},"end":{"line":19,"column":71}},"type":"cond-expr","locations":[{"start":{"line":19,"column":50},"end":{"line":19,"column":59}},{"start":{"line":19,"column":62},"end":{"line":19,"column":71}}],"line":19},"1":{"loc":{"start":{"line":28,"column":30},"end":{"line":28,"column":79}},"type":"cond-expr","locations":[{"start":{"line":28,"column":55},"end":{"line":28,"column":64}},{"start":{"line":28,"column":67},"end":{"line":28,"column":79}}],"line":28},"2":{"loc":{"start":{"line":30,"column":19},"end":{"line":30,"column":60}},"type":"cond-expr","locations":[{"start":{"line":30,"column":44},"end":{"line":30,"column":51}},{"start":{"line":30,"column":54},"end":{"line":30,"column":60}}],"line":30}},"s":{"0":0,"1":0,"2":0,"3":0},"f":{"0":0,"1":0},"b":{"0":[0,0],"1":[0,0],"2":[0,0]}}
,"/Users/dev03/proyects/kanbee/src/app/index.tsx": {"path":"/Users/dev03/proyects/kanbee/src/app/index.tsx","statementMap":{"0":{"start":{"line":23,"column":2},"end":{"line":23,"column":45}}},"fnMap":{"0":{"name":"Index","decl":{"start":{"line":5,"column":24},"end":{"line":5,"column":29}},"loc":{"start":{"line":5,"column":32},"end":{"line":24,"column":1}},"line":5}},"branchMap":{},"s":{"0":0},"f":{"0":0},"b":{}}
,"/Users/dev03/proyects/kanbee/src/app/(main)/_layout.tsx": {"path":"/Users/dev03/proyects/kanbee/src/app/(main)/_layout.tsx","statementMap":{"0":{"start":{"line":7,"column":36},"end":{"line":7,"column":51}},"1":{"start":{"line":9,"column":2},"end":{"line":17,"column":8}},"2":{"start":{"line":10,"column":5},"end":{"line":16,"column":8}},"3":{"start":{"line":11,"column":6},"end":{"line":15,"column":7}},"4":{"start":{"line":12,"column":8},"end":{"line":12,"column":34}},"5":{"start":{"line":14,"column":8},"end":{"line":14,"column":26}},"6":{"start":{"line":19,"column":2},"end":{"line":28,"column":3}},"7":{"start":{"line":20,"column":4},"end":{"line":27,"column":5}},"8":{"start":{"line":30,"column":2},"end":{"line":46,"column":3}}},"fnMap":{"0":{"name":"MainLayout","decl":{"start":{"line":6,"column":24},"end":{"line":6,"column":34}},"loc":{"start":{"line":6,"column":37},"end":{"line":47,"column":1}},"line":6},"1":{"name":"(anonymous_1)","decl":{"start":{"line":9,"column":12},"end":{"line":9,"column":13}},"loc":{"start":{"line":9,"column":18},"end":{"line":17,"column":3}},"line":9},"2":{"name":"(anonymous_2)","decl":{"start":{"line":10,"column":6},"end":{"line":10,"column":7}},"loc":{"start":{"line":10,"column":18},"end":{"line":16,"column":5}},"line":10}},"branchMap":{"0":{"loc":{"start":{"line":19,"column":2},"end":{"line":28,"column":3}},"type":"if","locations":[{"start":{"line":19,"column":2},"end":{"line":28,"column":3}},{"start":{},"end":{}}],"line":19}},"s":{"0":0,"1":0,"2":0,"3":0,"4":0,"5":0,"6":0,"7":0,"8":0},"f":{"0":0,"1":0,"2":0},"b":{"0":[0,0]}}
,"/Users/dev03/proyects/kanbee/src/app/(main)/(board)/[id].tsx": {"path":"/Users/dev03/proyects/kanbee/src/app/(main)/(board)/[id].tsx","statementMap":{"0":{"start":{"line":7,"column":17},"end":{"line":7,"column":56}},"1":{"start":{"line":8,"column":17},"end":{"line":8,"column":28}},"2":{"start":{"line":9,"column":45},"end":{"line":9,"column":60}},"3":{"start":{"line":11,"column":2},"end":{"line":13,"column":9}},"4":{"start":{"line":12,"column":4},"end":{"line":12,"column":38}},"5":{"start":{"line":12,"column":24},"end":{"line":12,"column":38}},"6":{"start":{"line":15,"column":16},"end":{"line":15,"column":76}},"7":{"start":{"line":15,"column":30},"end":{"line":15,"column":61}},"8":{"start":{"line":15,"column":49},"end":{"line":15,"column":60}},"9":{"start":{"line":18,"column":18},"end":{"line":18,"column":40}},"10":{"start":{"line":21,"column":2},"end":{"line":27,"column":3}},"11":{"start":{"line":22,"column":4},"end":{"line":26,"column":6}},"12":{"start":{"line":29,"column":2},"end":{"line":40,"column":3}},"13":{"start":{"line":30,"column":4},"end":{"line":39,"column":6}},"14":{"start":{"line":35,"column":82},"end":{"line":35,"column":95}},"15":{"start":{"line":42,"column":2},"end":{"line":96,"column":4}},"16":{"start":{"line":52,"column":25},"end":{"line":52,"column":38}}},"fnMap":{"0":{"name":"BoardDetailScreen","decl":{"start":{"line":6,"column":24},"end":{"line":6,"column":41}},"loc":{"start":{"line":6,"column":44},"end":{"line":97,"column":1}},"line":6},"1":{"name":"(anonymous_1)","decl":{"start":{"line":11,"column":12},"end":{"line":11,"column":13}},"loc":{"start":{"line":11,"column":18},"end":{"line":13,"column":3}},"line":11},"2":{"name":"(anonymous_2)","decl":{"start":{"line":15,"column":24},"end":{"line":15,"column":25}},"loc":{"start":{"line":15,"column":30},"end":{"line":15,"column":61}},"line":15},"3":{"name":"(anonymous_3)","decl":{"start":{"line":15,"column":42},"end":{"line":15,"column":43}},"loc":{"start":{"line":15,"column":49},"end":{"line":15,"column":60}},"line":15},"4":{"name":"(anonymous_4)","decl":{"start":{"line":35,"column":76},"end":{"line":35,"column":77}},"loc":{"start":{"line":35,"column":82},"end":{"line":35,"column":95}},"line":35},"5":{"name":"(anonymous_5)","decl":{"start":{"line":52,"column":19},"end":{"line":52,"column":20}},"loc":{"start":{"line":52,"column":25},"end":{"line":52,"column":38}},"line":52}},"branchMap":{"0":{"loc":{"start":{"line":12,"column":4},"end":{"line":12,"column":38}},"type":"if","locations":[{"start":{"line":12,"column":4},"end":{"line":12,"column":38}},{"start":{},"end":{}}],"line":12},"1":{"loc":{"start":{"line":18,"column":18},"end":{"line":18,"column":40}},"type":"binary-expr","locations":[{"start":{"line":18,"column":18},"end":{"line":18,"column":30}},{"start":{"line":18,"column":34},"end":{"line":18,"column":40}}],"line":18},"2":{"loc":{"start":{"line":21,"column":2},"end":{"line":27,"column":3}},"type":"if","locations":[{"start":{"line":21,"column":2},"end":{"line":27,"column":3}},{"start":{},"end":{}}],"line":21},"3":{"loc":{"start":{"line":21,"column":6},"end":{"line":21,"column":25}},"type":"binary-expr","locations":[{"start":{"line":21,"column":6},"end":{"line":21,"column":15}},{"start":{"line":21,"column":19},"end":{"line":21,"column":25}}],"line":21},"4":{"loc":{"start":{"line":29,"column":2},"end":{"line":40,"column":3}},"type":"if","locations":[{"start":{"line":29,"column":2},"end":{"line":40,"column":3}},{"start":{},"end":{}}],"line":29}},"s":{"0":0,"1":0,"2":0,"3":0,"4":0,"5":0,"6":0,"7":0,"8":0,"9":0,"10":0,"11":0,"12":0,"13":0,"14":0,"15":0,"16":0},"f":{"0":0,"1":0,"2":0,"3":0,"4":0,"5":0},"b":{"0":[0,0],"1":[0,0],"2":[0,0],"3":[0,0],"4":[0,0]}}
,"/Users/dev03/proyects/kanbee/src/app/(main)/(board)/_layout.tsx": {"path":"/Users/dev03/proyects/kanbee/src/app/(main)/(board)/_layout.tsx","statementMap":{"0":{"start":{"line":4,"column":2},"end":{"line":9,"column":3}}},"fnMap":{"0":{"name":"BoardLayout","decl":{"start":{"line":3,"column":24},"end":{"line":3,"column":35}},"loc":{"start":{"line":3,"column":38},"end":{"line":10,"column":1}},"line":3}},"branchMap":{},"s":{"0":0},"f":{"0":0},"b":{}}
,"/Users/dev03/proyects/kanbee/src/app/(main)/(board)/index.tsx": {"path":"/Users/dev03/proyects/kanbee/src/app/(main)/(board)/index.tsx","statementMap":{"0":{"start":{"line":15,"column":42},"end":{"line":15,"column":57}},"1":{"start":{"line":17,"column":47},"end":{"line":17,"column":62}},"2":{"start":{"line":19,"column":2},"end":{"line":21,"column":19}},"3":{"start":{"line":20,"column":4},"end":{"line":20,"column":17}},"4":{"start":{"line":23,"column":2},"end":{"line":54,"column":3}},"5":{"start":{"line":36,"column":25},"end":{"line":36,"column":46}},"6":{"start":{"line":47,"column":25},"end":{"line":47,"column":47}},"7":{"start":{"line":49,"column":12},"end":{"line":49,"column":78}}},"fnMap":{"0":{"name":"BoardsScreen","decl":{"start":{"line":14,"column":24},"end":{"line":14,"column":36}},"loc":{"start":{"line":14,"column":39},"end":{"line":55,"column":1}},"line":14},"1":{"name":"(anonymous_1)","decl":{"start":{"line":19,"column":12},"end":{"line":19,"column":13}},"loc":{"start":{"line":19,"column":18},"end":{"line":21,"column":3}},"line":19},"2":{"name":"(anonymous_2)","decl":{"start":{"line":36,"column":19},"end":{"line":36,"column":20}},"loc":{"start":{"line":36,"column":25},"end":{"line":36,"column":46}},"line":36},"3":{"name":"(anonymous_3)","decl":{"start":{"line":47,"column":19},"end":{"line":47,"column":20}},"loc":{"start":{"line":47,"column":25},"end":{"line":47,"column":47}},"line":47},"4":{"name":"(anonymous_4)","decl":{"start":{"line":48,"column":20},"end":{"line":48,"column":21}},"loc":{"start":{"line":48,"column":42},"end":{"line":50,"column":11}},"line":48}},"branchMap":{},"s":{"0":0,"1":0,"2":0,"3":0,"4":0,"5":0,"6":0,"7":0},"f":{"0":0,"1":0,"2":0,"3":0,"4":0},"b":{}}
,"/Users/dev03/proyects/kanbee/src/components/KText.tsx": {"path":"/Users/dev03/proyects/kanbee/src/components/KText.tsx","statementMap":{"0":{"start":{"line":10,"column":21},"end":{"line":27,"column":1}},"1":{"start":{"line":11,"column":16},"end":{"line":11,"column":32}},"2":{"start":{"line":12,"column":19},"end":{"line":17,"column":3}},"3":{"start":{"line":18,"column":2},"end":{"line":26,"column":3}}},"fnMap":{"0":{"name":"(anonymous_0)","decl":{"start":{"line":10,"column":21},"end":{"line":10,"column":22}},"loc":{"start":{"line":10,"column":79},"end":{"line":27,"column":1}},"line":10}},"branchMap":{"0":{"loc":{"start":{"line":10,"column":35},"end":{"line":10,"column":51}},"type":"default-arg","locations":[{"start":{"line":10,"column":45},"end":{"line":10,"column":51}}],"line":10},"1":{"loc":{"start":{"line":23,"column":7},"end":{"line":23,"column":21}},"type":"binary-expr","locations":[{"start":{"line":23,"column":7},"end":{"line":23,"column":12}},{"start":{"line":23,"column":16},"end":{"line":23,"column":21}}],"line":23},"2":{"loc":{"start":{"line":24,"column":7},"end":{"line":24,"column":18}},"type":"binary-expr","locations":[{"start":{"line":24,"column":7},"end":{"line":24,"column":9}},{"start":{"line":24,"column":13},"end":{"line":24,"column":18}}],"line":24}},"s":{"0":0,"1":0,"2":0,"3":0},"f":{"0":0},"b":{"0":[0],"1":[0,0],"2":[0,0]}}
,"/Users/dev03/proyects/kanbee/src/components/KTextInput.tsx": {"path":"/Users/dev03/proyects/kanbee/src/components/KTextInput.tsx","statementMap":{"0":{"start":{"line":13,"column":26},"end":{"line":36,"column":1}},"1":{"start":{"line":15,"column":4},"end":{"line":34,"column":5}},"2":{"start":{"line":38,"column":0},"end":{"line":38,"column":39}}},"fnMap":{"0":{"name":"(anonymous_0)","decl":{"start":{"line":14,"column":2},"end":{"line":14,"column":3}},"loc":{"start":{"line":14,"column":106},"end":{"line":35,"column":3}},"line":14}},"branchMap":{"0":{"loc":{"start":{"line":14,"column":40},"end":{"line":14,"column":63}},"type":"default-arg","locations":[{"start":{"line":14,"column":61},"end":{"line":14,"column":63}}],"line":14},"1":{"loc":{"start":{"line":14,"column":65},"end":{"line":14,"column":84}},"type":"default-arg","locations":[{"start":{"line":14,"column":82},"end":{"line":14,"column":84}}],"line":14},"2":{"loc":{"start":{"line":17,"column":9},"end":{"line":17,"column":89}},"type":"binary-expr","locations":[{"start":{"line":17,"column":9},"end":{"line":17,"column":14}},{"start":{"line":17,"column":18},"end":{"line":17,"column":89}}],"line":17},"3":{"loc":{"start":{"line":20,"column":11},"end":{"line":20,"column":63}},"type":"binary-expr","locations":[{"start":{"line":20,"column":11},"end":{"line":20,"column":19}},{"start":{"line":20,"column":23},"end":{"line":20,"column":63}}],"line":20},"4":{"loc":{"start":{"line":29,"column":11},"end":{"line":29,"column":65}},"type":"binary-expr","locations":[{"start":{"line":29,"column":11},"end":{"line":29,"column":20}},{"start":{"line":29,"column":24},"end":{"line":29,"column":65}}],"line":29},"5":{"loc":{"start":{"line":32,"column":9},"end":{"line":32,"column":76}},"type":"binary-expr","locations":[{"start":{"line":32,"column":9},"end":{"line":32,"column":14}},{"start":{"line":32,"column":18},"end":{"line":32,"column":76}}],"line":32}},"s":{"0":0,"1":0,"2":0},"f":{"0":0},"b":{"0":[0],"1":[0],"2":[0,0],"3":[0,0],"4":[0,0],"5":[0,0]}}
,"/Users/dev03/proyects/kanbee/src/components/Screen.tsx": {"path":"/Users/dev03/proyects/kanbee/src/components/Screen.tsx","statementMap":{"0":{"start":{"line":17,"column":22},"end":{"line":76,"column":1}},"1":{"start":{"line":27,"column":17},"end":{"line":27,"column":28}},"2":{"start":{"line":29,"column":25},"end":{"line":29,"column":55}},"3":{"start":{"line":31,"column":25},"end":{"line":46,"column":3}},"4":{"start":{"line":32,"column":4},"end":{"line":32,"column":65}},"5":{"start":{"line":32,"column":18},"end":{"line":32,"column":65}},"6":{"start":{"line":34,"column":4},"end":{"line":43,"column":5}},"7":{"start":{"line":35,"column":6},"end":{"line":42,"column":7}},"8":{"start":{"line":37,"column":25},"end":{"line":37,"column":38}},"9":{"start":{"line":45,"column":4},"end":{"line":45,"column":15}},"10":{"start":{"line":48,"column":2},"end":{"line":75,"column":3}}},"fnMap":{"0":{"name":"(anonymous_0)","decl":{"start":{"line":17,"column":22},"end":{"line":17,"column":23}},"loc":{"start":{"line":26,"column":28},"end":{"line":76,"column":1}},"line":26},"1":{"name":"(anonymous_1)","decl":{"start":{"line":31,"column":25},"end":{"line":31,"column":26}},"loc":{"start":{"line":31,"column":31},"end":{"line":46,"column":3}},"line":31},"2":{"name":"(anonymous_2)","decl":{"start":{"line":37,"column":19},"end":{"line":37,"column":20}},"loc":{"start":{"line":37,"column":25},"end":{"line":37,"column":38}},"line":37}},"branchMap":{"0":{"loc":{"start":{"line":23,"column":2},"end":{"line":23,"column":19}},"type":"default-arg","locations":[{"start":{"line":23,"column":15},"end":{"line":23,"column":19}}],"line":23},"1":{"loc":{"start":{"line":24,"column":2},"end":{"line":24,"column":21}},"type":"default-arg","locations":[{"start":{"line":24,"column":12},"end":{"line":24,"column":21}}],"line":24},"2":{"loc":{"start":{"line":25,"column":2},"end":{"line":25,"column":15}},"type":"default-arg","locations":[{"start":{"line":25,"column":11},"end":{"line":25,"column":15}}],"line":25},"3":{"loc":{"start":{"line":29,"column":25},"end":{"line":29,"column":55}},"type":"cond-expr","locations":[{"start":{"line":29,"column":38},"end":{"line":29,"column":48}},{"start":{"line":29,"column":51},"end":{"line":29,"column":55}}],"line":29},"4":{"loc":{"start":{"line":32,"column":4},"end":{"line":32,"column":65}},"type":"if","locations":[{"start":{"line":32,"column":4},"end":{"line":32,"column":65}},{"start":{},"end":{}}],"line":32},"5":{"loc":{"start":{"line":34,"column":4},"end":{"line":43,"column":5}},"type":"if","locations":[{"start":{"line":34,"column":4},"end":{"line":43,"column":5}},{"start":{},"end":{}}],"line":34},"6":{"loc":{"start":{"line":51,"column":18},"end":{"line":51,"column":62}},"type":"cond-expr","locations":[{"start":{"line":51,"column":42},"end":{"line":51,"column":51}},{"start":{"line":51,"column":54},"end":{"line":51,"column":62}}],"line":51},"7":{"loc":{"start":{"line":59,"column":15},"end":{"line":59,"column":107}},"type":"binary-expr","locations":[{"start":{"line":59,"column":15},"end":{"line":59,"column":20}},{"start":{"line":59,"column":24},"end":{"line":59,"column":107}}],"line":59},"8":{"loc":{"start":{"line":60,"column":15},"end":{"line":60,"column":97}},"type":"binary-expr","locations":[{"start":{"line":60,"column":15},"end":{"line":60,"column":23}},{"start":{"line":60,"column":27},"end":{"line":60,"column":97}}],"line":60},"9":{"loc":{"start":{"line":64,"column":11},"end":{"line":64,"column":88}},"type":"binary-expr","locations":[{"start":{"line":64,"column":11},"end":{"line":64,"column":20}},{"start":{"line":64,"column":24},"end":{"line":64,"column":88}}],"line":64},"10":{"loc":{"start":{"line":68,"column":33},"end":{"line":68,"column":81}},"type":"cond-expr","locations":[{"start":{"line":68,"column":46},"end":{"line":68,"column":67}},{"start":{"line":68,"column":70},"end":{"line":68,"column":81}}],"line":68}},"s":{"0":0,"1":0,"2":0,"3":0,"4":0,"5":0,"6":0,"7":0,"8":0,"9":0,"10":0},"f":{"0":0,"1":0,"2":0},"b":{"0":[0],"1":[0],"2":[0],"3":[0,0],"4":[0,0],"5":[0,0],"6":[0,0],"7":[0,0],"8":[0,0],"9":[0,0],"10":[0,0]}}
,"/Users/dev03/proyects/kanbee/src/components/external-link.tsx": {"path":"/Users/dev03/proyects/kanbee/src/components/external-link.tsx","statementMap":{"0":{"start":{"line":8,"column":2},"end":{"line":24,"column":4}},"1":{"start":{"line":14,"column":8},"end":{"line":21,"column":9}},"2":{"start":{"line":16,"column":10},"end":{"line":16,"column":33}},"3":{"start":{"line":18,"column":10},"end":{"line":20,"column":13}}},"fnMap":{"0":{"name":"ExternalLink","decl":{"start":{"line":7,"column":16},"end":{"line":7,"column":28}},"loc":{"start":{"line":7,"column":55},"end":{"line":25,"column":1}},"line":7},"1":{"name":"(anonymous_1)","decl":{"start":{"line":13,"column":15},"end":{"line":13,"column":16}},"loc":{"start":{"line":13,"column":32},"end":{"line":22,"column":7}},"line":13}},"branchMap":{"0":{"loc":{"start":{"line":14,"column":8},"end":{"line":21,"column":9}},"type":"if","locations":[{"start":{"line":14,"column":8},"end":{"line":21,"column":9}},{"start":{},"end":{}}],"line":14}},"s":{"0":0,"1":0,"2":0,"3":0},"f":{"0":0,"1":0},"b":{"0":[0,0]}}
,"/Users/dev03/proyects/kanbee/src/components/haptic-tab.tsx": {"path":"/Users/dev03/proyects/kanbee/src/components/haptic-tab.tsx","statementMap":{"0":{"start":{"line":6,"column":2},"end":{"line":17,"column":4}},"1":{"start":{"line":10,"column":8},"end":{"line":13,"column":9}},"2":{"start":{"line":12,"column":10},"end":{"line":12,"column":65}},"3":{"start":{"line":14,"column":8},"end":{"line":14,"column":30}}},"fnMap":{"0":{"name":"HapticTab","decl":{"start":{"line":5,"column":16},"end":{"line":5,"column":25}},"loc":{"start":{"line":5,"column":58},"end":{"line":18,"column":1}},"line":5},"1":{"name":"(anonymous_1)","decl":{"start":{"line":9,"column":17},"end":{"line":9,"column":18}},"loc":{"start":{"line":9,"column":25},"end":{"line":15,"column":7}},"line":9}},"branchMap":{"0":{"loc":{"start":{"line":10,"column":8},"end":{"line":13,"column":9}},"type":"if","locations":[{"start":{"line":10,"column":8},"end":{"line":13,"column":9}},{"start":{},"end":{}}],"line":10}},"s":{"0":0,"1":0,"2":0,"3":0},"f":{"0":0,"1":0},"b":{"0":[0,0]}}
,"/Users/dev03/proyects/kanbee/src/components/hello-wave.tsx": {"path":"/Users/dev03/proyects/kanbee/src/components/hello-wave.tsx","statementMap":{"0":{"start":{"line":4,"column":2},"end":{"line":18,"column":4}}},"fnMap":{"0":{"name":"HelloWave","decl":{"start":{"line":3,"column":16},"end":{"line":3,"column":25}},"loc":{"start":{"line":3,"column":28},"end":{"line":19,"column":1}},"line":3}},"branchMap":{},"s":{"0":0},"f":{"0":0},"b":{}}
,"/Users/dev03/proyects/kanbee/src/components/parallax-scroll-view.tsx": {"path":"/Users/dev03/proyects/kanbee/src/components/parallax-scroll-view.tsx","statementMap":{"0":{"start":{"line":14,"column":22},"end":{"line":14,"column":25}},"1":{"start":{"line":26,"column":26},"end":{"line":26,"column":57}},"2":{"start":{"line":27,"column":22},"end":{"line":27,"column":49}},"3":{"start":{"line":28,"column":20},"end":{"line":28,"column":57}},"4":{"start":{"line":29,"column":23},"end":{"line":29,"column":49}},"5":{"start":{"line":30,"column":30},"end":{"line":45,"column":4}},"6":{"start":{"line":31,"column":4},"end":{"line":44,"column":6}},"7":{"start":{"line":47,"column":2},"end":{"line":62,"column":4}},"8":{"start":{"line":65,"column":15},"end":{"line":79,"column":2}}},"fnMap":{"0":{"name":"ParallaxScrollView","decl":{"start":{"line":21,"column":24},"end":{"line":21,"column":42}},"loc":{"start":{"line":25,"column":10},"end":{"line":63,"column":1}},"line":25},"1":{"name":"(anonymous_1)","decl":{"start":{"line":30,"column":47},"end":{"line":30,"column":48}},"loc":{"start":{"line":30,"column":53},"end":{"line":45,"column":3}},"line":30}},"branchMap":{"0":{"loc":{"start":{"line":27,"column":22},"end":{"line":27,"column":49}},"type":"binary-expr","locations":[{"start":{"line":27,"column":22},"end":{"line":27,"column":38}},{"start":{"line":27,"column":42},"end":{"line":27,"column":49}}],"line":27}},"s":{"0":0,"1":0,"2":0,"3":0,"4":0,"5":0,"6":0,"7":0,"8":0},"f":{"0":0,"1":0},"b":{"0":[0,0]}}
,"/Users/dev03/proyects/kanbee/src/components/themed-text.tsx": {"path":"/Users/dev03/proyects/kanbee/src/components/themed-text.tsx","statementMap":{"0":{"start":{"line":18,"column":16},"end":{"line":18,"column":77}},"1":{"start":{"line":20,"column":2},"end":{"line":33,"column":4}},"2":{"start":{"line":36,"column":15},"end":{"line":60,"column":2}}},"fnMap":{"0":{"name":"ThemedText","decl":{"start":{"line":11,"column":16},"end":{"line":11,"column":26}},"loc":{"start":{"line":17,"column":20},"end":{"line":34,"column":1}},"line":17}},"branchMap":{"0":{"loc":{"start":{"line":15,"column":2},"end":{"line":15,"column":18}},"type":"default-arg","locations":[{"start":{"line":15,"column":9},"end":{"line":15,"column":18}}],"line":15},"1":{"loc":{"start":{"line":24,"column":8},"end":{"line":24,"column":55}},"type":"cond-expr","locations":[{"start":{"line":24,"column":29},"end":{"line":24,"column":43}},{"start":{"line":24,"column":46},"end":{"line":24,"column":55}}],"line":24},"2":{"loc":{"start":{"line":25,"column":8},"end":{"line":25,"column":51}},"type":"cond-expr","locations":[{"start":{"line":25,"column":27},"end":{"line":25,"column":39}},{"start":{"line":25,"column":42},"end":{"line":25,"column":51}}],"line":25},"3":{"loc":{"start":{"line":26,"column":8},"end":{"line":26,"column":71}},"type":"cond-expr","locations":[{"start":{"line":26,"column":37},"end":{"line":26,"column":59}},{"start":{"line":26,"column":62},"end":{"line":26,"column":71}}],"line":26},"4":{"loc":{"start":{"line":27,"column":8},"end":{"line":27,"column":57}},"type":"cond-expr","locations":[{"start":{"line":27,"column":30},"end":{"line":27,"column":45}},{"start":{"line":27,"column":48},"end":{"line":27,"column":57}}],"line":27},"5":{"loc":{"start":{"line":28,"column":8},"end":{"line":28,"column":49}},"type":"cond-expr","locations":[{"start":{"line":28,"column":26},"end":{"line":28,"column":37}},{"start":{"line":28,"column":40},"end":{"line":28,"column":49}}],"line":28}},"s":{"0":0,"1":0,"2":0},"f":{"0":0},"b":{"0":[0],"1":[0,0],"2":[0,0],"3":[0,0],"4":[0,0],"5":[0,0]}}
,"/Users/dev03/proyects/kanbee/src/components/themed-view.tsx": {"path":"/Users/dev03/proyects/kanbee/src/components/themed-view.tsx","statementMap":{"0":{"start":{"line":11,"column":26},"end":{"line":11,"column":93}},"1":{"start":{"line":13,"column":2},"end":{"line":13,"column":71}}},"fnMap":{"0":{"name":"ThemedView","decl":{"start":{"line":10,"column":16},"end":{"line":10,"column":26}},"loc":{"start":{"line":10,"column":93},"end":{"line":14,"column":1}},"line":10}},"branchMap":{},"s":{"0":0,"1":0},"f":{"0":0},"b":{}}
,"/Users/dev03/proyects/kanbee/src/components/ui/collapsible.tsx": {"path":"/Users/dev03/proyects/kanbee/src/components/ui/collapsible.tsx","statementMap":{"0":{"start":{"line":11,"column":30},"end":{"line":11,"column":45}},"1":{"start":{"line":12,"column":16},"end":{"line":12,"column":43}},"2":{"start":{"line":14,"column":2},"end":{"line":32,"column":4}},"3":{"start":{"line":18,"column":23},"end":{"line":18,"column":51}},"4":{"start":{"line":18,"column":44},"end":{"line":18,"column":50}},"5":{"start":{"line":35,"column":15},"end":{"line":45,"column":2}}},"fnMap":{"0":{"name":"Collapsible","decl":{"start":{"line":10,"column":16},"end":{"line":10,"column":27}},"loc":{"start":{"line":10,"column":88},"end":{"line":33,"column":1}},"line":10},"1":{"name":"(anonymous_1)","decl":{"start":{"line":18,"column":17},"end":{"line":18,"column":18}},"loc":{"start":{"line":18,"column":23},"end":{"line":18,"column":51}},"line":18},"2":{"name":"(anonymous_2)","decl":{"start":{"line":18,"column":33},"end":{"line":18,"column":34}},"loc":{"start":{"line":18,"column":44},"end":{"line":18,"column":50}},"line":18}},"branchMap":{"0":{"loc":{"start":{"line":12,"column":16},"end":{"line":12,"column":43}},"type":"binary-expr","locations":[{"start":{"line":12,"column":16},"end":{"line":12,"column":32}},{"start":{"line":12,"column":36},"end":{"line":12,"column":43}}],"line":12},"1":{"loc":{"start":{"line":24,"column":17},"end":{"line":24,"column":73}},"type":"cond-expr","locations":[{"start":{"line":24,"column":37},"end":{"line":24,"column":54}},{"start":{"line":24,"column":57},"end":{"line":24,"column":73}}],"line":24},"2":{"loc":{"start":{"line":25,"column":41},"end":{"line":25,"column":66}},"type":"cond-expr","locations":[{"start":{"line":25,"column":50},"end":{"line":25,"column":57}},{"start":{"line":25,"column":60},"end":{"line":25,"column":66}}],"line":25},"3":{"loc":{"start":{"line":30,"column":7},"end":{"line":30,"column":75}},"type":"binary-expr","locations":[{"start":{"line":30,"column":7},"end":{"line":30,"column":13}},{"start":{"line":30,"column":17},"end":{"line":30,"column":75}}],"line":30}},"s":{"0":0,"1":0,"2":0,"3":0,"4":0,"5":0},"f":{"0":0,"1":0,"2":0},"b":{"0":[0,0],"1":[0,0],"2":[0,0],"3":[0,0]}}
,"/Users/dev03/proyects/kanbee/src/components/ui/icon-symbol.ios.tsx": {"path":"/Users/dev03/proyects/kanbee/src/components/ui/icon-symbol.ios.tsx","statementMap":{"0":{"start":{"line":17,"column":2},"end":{"line":31,"column":4}}},"fnMap":{"0":{"name":"IconSymbol","decl":{"start":{"line":4,"column":16},"end":{"line":4,"column":26}},"loc":{"start":{"line":16,"column":3},"end":{"line":32,"column":1}},"line":16}},"branchMap":{"0":{"loc":{"start":{"line":6,"column":2},"end":{"line":6,"column":11}},"type":"default-arg","locations":[{"start":{"line":6,"column":9},"end":{"line":6,"column":11}}],"line":6},"1":{"loc":{"start":{"line":9,"column":2},"end":{"line":9,"column":20}},"type":"default-arg","locations":[{"start":{"line":9,"column":11},"end":{"line":9,"column":20}}],"line":9}},"s":{"0":0},"f":{"0":0},"b":{"0":[0],"1":[0]}}
,"/Users/dev03/proyects/kanbee/src/components/ui/icon-symbol.tsx": {"path":"/Users/dev03/proyects/kanbee/src/components/ui/icon-symbol.tsx","statementMap":{"0":{"start":{"line":16,"column":16},"end":{"line":21,"column":16}},"1":{"start":{"line":40,"column":2},"end":{"line":40,"column":88}}},"fnMap":{"0":{"name":"IconSymbol","decl":{"start":{"line":28,"column":16},"end":{"line":28,"column":26}},"loc":{"start":{"line":39,"column":3},"end":{"line":41,"column":1}},"line":39}},"branchMap":{"0":{"loc":{"start":{"line":30,"column":2},"end":{"line":30,"column":11}},"type":"default-arg","locations":[{"start":{"line":30,"column":9},"end":{"line":30,"column":11}}],"line":30}},"s":{"0":0,"1":0},"f":{"0":0},"b":{"0":[0]}}
,"/Users/dev03/proyects/kanbee/src/constants/theme.ts": {"path":"/Users/dev03/proyects/kanbee/src/constants/theme.ts","statementMap":{"0":{"start":{"line":8,"column":23},"end":{"line":8,"column":32}},"1":{"start":{"line":9,"column":22},"end":{"line":9,"column":28}},"2":{"start":{"line":11,"column":22},"end":{"line":28,"column":1}},"3":{"start":{"line":30,"column":21},"end":{"line":53,"column":2}}},"fnMap":{},"branchMap":{},"s":{"0":0,"1":0,"2":0,"3":0},"f":{},"b":{}}
,"/Users/dev03/proyects/kanbee/src/core/entities/board.ts": {"path":"/Users/dev03/proyects/kanbee/src/core/entities/board.ts","statementMap":{},"fnMap":{},"branchMap":{},"s":{},"f":{},"b":{}}
,"/Users/dev03/proyects/kanbee/src/core/entities/card.ts": {"path":"/Users/dev03/proyects/kanbee/src/core/entities/card.ts","statementMap":{},"fnMap":{},"branchMap":{},"s":{},"f":{},"b":{}}
,"/Users/dev03/proyects/kanbee/src/core/entities/index.ts": {"path":"/Users/dev03/proyects/kanbee/src/core/entities/index.ts","statementMap":{},"fnMap":{},"branchMap":{},"s":{},"f":{},"b":{}}
,"/Users/dev03/proyects/kanbee/src/core/entities/list.ts": {"path":"/Users/dev03/proyects/kanbee/src/core/entities/list.ts","statementMap":{},"fnMap":{},"branchMap":{},"s":{},"f":{},"b":{}}
,"/Users/dev03/proyects/kanbee/src/core/entities/user.ts": {"path":"/Users/dev03/proyects/kanbee/src/core/entities/user.ts","statementMap":{},"fnMap":{},"branchMap":{},"s":{},"f":{},"b":{}}
,"/Users/dev03/proyects/kanbee/src/core/interfaces/IBoardRepository.ts": {"path":"/Users/dev03/proyects/kanbee/src/core/interfaces/IBoardRepository.ts","statementMap":{},"fnMap":{},"branchMap":{},"s":{},"f":{},"b":{}}
,"/Users/dev03/proyects/kanbee/src/features/boards/components/BoardCard.tsx": {"path":"/Users/dev03/proyects/kanbee/src/features/boards/components/BoardCard.tsx","statementMap":{"0":{"start":{"line":10,"column":25},"end":{"line":85,"column":1}},"1":{"start":{"line":11,"column":26},"end":{"line":11,"column":50}},"2":{"start":{"line":13,"column":2},"end":{"line":84,"column":3}},"3":{"start":{"line":16,"column":30},"end":{"line":21,"column":7}},"4":{"start":{"line":23,"column":8},"end":{"line":26,"column":10}}},"fnMap":{"0":{"name":"(anonymous_0)","decl":{"start":{"line":10,"column":25},"end":{"line":10,"column":26}},"loc":{"start":{"line":10,"column":47},"end":{"line":85,"column":1}},"line":10},"1":{"name":"(anonymous_1)","decl":{"start":{"line":16,"column":13},"end":{"line":16,"column":14}},"loc":{"start":{"line":16,"column":30},"end":{"line":21,"column":7}},"line":16},"2":{"name":"(anonymous_2)","decl":{"start":{"line":22,"column":15},"end":{"line":22,"column":16}},"loc":{"start":{"line":23,"column":8},"end":{"line":26,"column":10}},"line":23}},"branchMap":{"0":{"loc":{"start":{"line":11,"column":26},"end":{"line":11,"column":50}},"type":"binary-expr","locations":[{"start":{"line":11,"column":26},"end":{"line":11,"column":37}},{"start":{"line":11,"column":41},"end":{"line":11,"column":50}}],"line":11},"1":{"loc":{"start":{"line":19,"column":31},"end":{"line":19,"column":49}},"type":"cond-expr","locations":[{"start":{"line":19,"column":41},"end":{"line":19,"column":45}},{"start":{"line":19,"column":48},"end":{"line":19,"column":49}}],"line":19}},"s":{"0":0,"1":0,"2":0,"3":0,"4":0},"f":{"0":0,"1":0,"2":0},"b":{"0":[0,0],"1":[0,0]}}
,"/Users/dev03/proyects/kanbee/src/features/boards/components/BoardList.tsx": {"path":"/Users/dev03/proyects/kanbee/src/features/boards/components/BoardList.tsx","statementMap":{"0":{"start":{"line":12,"column":21},"end":{"line":12,"column":45}},"1":{"start":{"line":12,"column":38},"end":{"line":12,"column":45}},"2":{"start":{"line":13,"column":19},"end":{"line":13,"column":76}},"3":{"start":{"line":13,"column":50},"end":{"line":13,"column":76}},"4":{"start":{"line":15,"column":25},"end":{"line":57,"column":1}},"5":{"start":{"line":16,"column":47},"end":{"line":16,"column":62}},"6":{"start":{"line":18,"column":19},"end":{"line":23,"column":27}},"7":{"start":{"line":19,"column":4},"end":{"line":19,"column":42}},"8":{"start":{"line":19,"column":29},"end":{"line":19,"column":42}},"9":{"start":{"line":21,"column":21},"end":{"line":21,"column":46}},"10":{"start":{"line":22,"column":4},"end":{"line":22,"column":73}},"11":{"start":{"line":22,"column":32},"end":{"line":22,"column":72}},"12":{"start":{"line":25,"column":2},"end":{"line":56,"column":3}},"13":{"start":{"line":46,"column":12},"end":{"line":51,"column":19}}},"fnMap":{"0":{"name":"(anonymous_0)","decl":{"start":{"line":12,"column":21},"end":{"line":12,"column":22}},"loc":{"start":{"line":12,"column":38},"end":{"line":12,"column":45}},"line":12},"1":{"name":"(anonymous_1)","decl":{"start":{"line":13,"column":19},"end":{"line":13,"column":20}},"loc":{"start":{"line":13,"column":50},"end":{"line":13,"column":76}},"line":13},"2":{"name":"(anonymous_2)","decl":{"start":{"line":15,"column":25},"end":{"line":15,"column":26}},"loc":{"start":{"line":15,"column":60},"end":{"line":57,"column":1}},"line":15},"3":{"name":"(anonymous_3)","decl":{"start":{"line":18,"column":27},"end":{"line":18,"column":28}},"loc":{"start":{"line":18,"column":33},"end":{"line":23,"column":3}},"line":18},"4":{"name":"(anonymous_4)","decl":{"start":{"line":22,"column":25},"end":{"line":22,"column":26}},"loc":{"start":{"line":22,"column":32},"end":{"line":22,"column":72}},"line":22},"5":{"name":"(anonymous_5)","decl":{"start":{"line":45,"column":30},"end":{"line":45,"column":31}},"loc":{"start":{"line":46,"column":12},"end":{"line":51,"column":19}},"line":46}},"branchMap":{"0":{"loc":{"start":{"line":19,"column":4},"end":{"line":19,"column":42}},"type":"if","locations":[{"start":{"line":19,"column":4},"end":{"line":19,"column":42}},{"start":{},"end":{}}],"line":19},"1":{"loc":{"start":{"line":27,"column":7},"end":{"line":54,"column":7}},"type":"cond-expr","locations":[{"start":{"line":28,"column":8},"end":{"line":32,"column":10}},{"start":{"line":34,"column":8},"end":{"line":53,"column":10}}],"line":27},"2":{"loc":{"start":{"line":27,"column":7},"end":{"line":27,"column":41}},"type":"binary-expr","locations":[{"start":{"line":27,"column":7},"end":{"line":27,"column":16}},{"start":{"line":27,"column":20},"end":{"line":27,"column":41}}],"line":27}},"s":{"0":0,"1":0,"2":0,"3":0,"4":0,"5":0,"6":0,"7":0,"8":0,"9":0,"10":0,"11":0,"12":0,"13":0},"f":{"0":0,"1":0,"2":0,"3":0,"4":0,"5":0},"b":{"0":[0,0],"1":[0,0],"2":[0,0]}}
,"/Users/dev03/proyects/kanbee/src/features/boards/components/BoardsHeaderLeft.tsx": {"path":"/Users/dev03/proyects/kanbee/src/features/boards/components/BoardsHeaderLeft.tsx","statementMap":{"0":{"start":{"line":5,"column":32},"end":{"line":25,"column":1}},"1":{"start":{"line":6,"column":2},"end":{"line":24,"column":3}}},"fnMap":{"0":{"name":"(anonymous_0)","decl":{"start":{"line":5,"column":32},"end":{"line":5,"column":33}},"loc":{"start":{"line":5,"column":38},"end":{"line":25,"column":1}},"line":5}},"branchMap":{},"s":{"0":0,"1":0},"f":{"0":0},"b":{}}
,"/Users/dev03/proyects/kanbee/src/features/boards/components/BoardsHeaderRight.tsx": {"path":"/Users/dev03/proyects/kanbee/src/features/boards/components/BoardsHeaderRight.tsx","statementMap":{"0":{"start":{"line":7,"column":33},"end":{"line":26,"column":1}},"1":{"start":{"line":8,"column":21},"end":{"line":8,"column":36}},"2":{"start":{"line":9,"column":21},"end":{"line":11,"column":3}},"3":{"start":{"line":10,"column":4},"end":{"line":10,"column":51}},"4":{"start":{"line":12,"column":2},"end":{"line":25,"column":3}}},"fnMap":{"0":{"name":"(anonymous_0)","decl":{"start":{"line":7,"column":33},"end":{"line":7,"column":34}},"loc":{"start":{"line":7,"column":39},"end":{"line":26,"column":1}},"line":7},"1":{"name":"(anonymous_1)","decl":{"start":{"line":9,"column":21},"end":{"line":9,"column":22}},"loc":{"start":{"line":9,"column":27},"end":{"line":11,"column":3}},"line":9}},"branchMap":{},"s":{"0":0,"1":0,"2":0,"3":0,"4":0},"f":{"0":0,"1":0},"b":{}}
,"/Users/dev03/proyects/kanbee/src/features/boards/components/CreateBoardModal.tsx": {"path":"/Users/dev03/proyects/kanbee/src/features/boards/components/CreateBoardModal.tsx","statementMap":{"0":{"start":{"line":11,"column":28},"end":{"line":11,"column":40}},"1":{"start":{"line":12,"column":28},"end":{"line":12,"column":47}},"2":{"start":{"line":14,"column":23},"end":{"line":20,"column":3}},"3":{"start":{"line":15,"column":4},"end":{"line":15,"column":29}},"4":{"start":{"line":15,"column":23},"end":{"line":15,"column":29}},"5":{"start":{"line":16,"column":4},"end":{"line":16,"column":71}},"6":{"start":{"line":17,"column":4},"end":{"line":17,"column":16}},"7":{"start":{"line":18,"column":4},"end":{"line":18,"column":23}},"8":{"start":{"line":19,"column":4},"end":{"line":19,"column":13}},"9":{"start":{"line":22,"column":16},"end":{"line":22,"column":37}},"10":{"start":{"line":24,"column":2},"end":{"line":92,"column":3}}},"fnMap":{"0":{"name":"CreateBoardModal","decl":{"start":{"line":10,"column":16},"end":{"line":10,"column":32}},"loc":{"start":{"line":10,"column":72},"end":{"line":93,"column":1}},"line":10},"1":{"name":"(anonymous_1)","decl":{"start":{"line":14,"column":23},"end":{"line":14,"column":24}},"loc":{"start":{"line":14,"column":29},"end":{"line":20,"column":3}},"line":14}},"branchMap":{"0":{"loc":{"start":{"line":15,"column":4},"end":{"line":15,"column":29}},"type":"if","locations":[{"start":{"line":15,"column":4},"end":{"line":15,"column":29}},{"start":{},"end":{}}],"line":15},"1":{"loc":{"start":{"line":16,"column":43},"end":{"line":16,"column":68}},"type":"binary-expr","locations":[{"start":{"line":16,"column":43},"end":{"line":16,"column":55}},{"start":{"line":16,"column":59},"end":{"line":16,"column":68}}],"line":16},"2":{"loc":{"start":{"line":33,"column":18},"end":{"line":33,"column":47}},"type":"cond-expr","locations":[{"start":{"line":33,"column":26},"end":{"line":33,"column":35}},{"start":{"line":33,"column":38},"end":{"line":33,"column":47}}],"line":33},"3":{"loc":{"start":{"line":35,"column":32},"end":{"line":35,"column":46}},"type":"cond-expr","locations":[{"start":{"line":35,"column":40},"end":{"line":35,"column":42}},{"start":{"line":35,"column":45},"end":{"line":35,"column":46}}],"line":35},"4":{"loc":{"start":{"line":44,"column":23},"end":{"line":44,"column":119}},"type":"cond-expr","locations":[{"start":{"line":44,"column":31},"end":{"line":44,"column":74}},{"start":{"line":44,"column":77},"end":{"line":44,"column":119}}],"line":44}},"s":{"0":0,"1":0,"2":0,"3":0,"4":0,"5":0,"6":0,"7":0,"8":0,"9":0,"10":0},"f":{"0":0,"1":0},"b":{"0":[0,0],"1":[0,0],"2":[0,0],"3":[0,0],"4":[0,0]}}
,"/Users/dev03/proyects/kanbee/src/features/boards/components/SearchBoard.tsx": {"path":"/Users/dev03/proyects/kanbee/src/features/boards/components/SearchBoard.tsx","statementMap":{"0":{"start":{"line":6,"column":27},"end":{"line":24,"column":1}},"1":{"start":{"line":7,"column":42},"end":{"line":7,"column":57}},"2":{"start":{"line":8,"column":2},"end":{"line":23,"column":3}}},"fnMap":{"0":{"name":"(anonymous_0)","decl":{"start":{"line":6,"column":27},"end":{"line":6,"column":28}},"loc":{"start":{"line":6,"column":33},"end":{"line":24,"column":1}},"line":6}},"branchMap":{},"s":{"0":0,"1":0,"2":0},"f":{"0":0},"b":{}}
,"/Users/dev03/proyects/kanbee/src/hooks/use-color-scheme.ts": {"path":"/Users/dev03/proyects/kanbee/src/hooks/use-color-scheme.ts","statementMap":{},"fnMap":{},"branchMap":{},"s":{},"f":{},"b":{}}
,"/Users/dev03/proyects/kanbee/src/hooks/use-color-scheme.web.ts": {"path":"/Users/dev03/proyects/kanbee/src/hooks/use-color-scheme.web.ts","statementMap":{"0":{"start":{"line":8,"column":40},"end":{"line":8,"column":55}},"1":{"start":{"line":10,"column":2},"end":{"line":12,"column":9}},"2":{"start":{"line":11,"column":4},"end":{"line":11,"column":25}},"3":{"start":{"line":14,"column":22},"end":{"line":14,"column":40}},"4":{"start":{"line":16,"column":2},"end":{"line":18,"column":3}},"5":{"start":{"line":17,"column":4},"end":{"line":17,"column":23}},"6":{"start":{"line":20,"column":2},"end":{"line":20,"column":17}}},"fnMap":{"0":{"name":"useColorScheme","decl":{"start":{"line":7,"column":16},"end":{"line":7,"column":30}},"loc":{"start":{"line":7,"column":33},"end":{"line":21,"column":1}},"line":7},"1":{"name":"(anonymous_1)","decl":{"start":{"line":10,"column":12},"end":{"line":10,"column":13}},"loc":{"start":{"line":10,"column":18},"end":{"line":12,"column":3}},"line":10}},"branchMap":{"0":{"loc":{"start":{"line":16,"column":2},"end":{"line":18,"column":3}},"type":"if","locations":[{"start":{"line":16,"column":2},"end":{"line":18,"column":3}},{"start":{},"end":{}}],"line":16}},"s":{"0":0,"1":0,"2":0,"3":0,"4":0,"5":0,"6":0},"f":{"0":0,"1":0},"b":{"0":[0,0]}}
,"/Users/dev03/proyects/kanbee/src/hooks/use-theme-color.ts": {"path":"/Users/dev03/proyects/kanbee/src/hooks/use-theme-color.ts","statementMap":{"0":{"start":{"line":13,"column":16},"end":{"line":13,"column":43}},"1":{"start":{"line":14,"column":25},"end":{"line":14,"column":37}},"2":{"start":{"line":16,"column":2},"end":{"line":20,"column":3}},"3":{"start":{"line":17,"column":4},"end":{"line":17,"column":26}},"4":{"start":{"line":19,"column":4},"end":{"line":19,"column":36}}},"fnMap":{"0":{"name":"useThemeColor","decl":{"start":{"line":9,"column":16},"end":{"line":9,"column":29}},"loc":{"start":{"line":12,"column":2},"end":{"line":21,"column":1}},"line":12}},"branchMap":{"0":{"loc":{"start":{"line":13,"column":16},"end":{"line":13,"column":43}},"type":"binary-expr","locations":[{"start":{"line":13,"column":16},"end":{"line":13,"column":32}},{"start":{"line":13,"column":36},"end":{"line":13,"column":43}}],"line":13},"1":{"loc":{"start":{"line":16,"column":2},"end":{"line":20,"column":3}},"type":"if","locations":[{"start":{"line":16,"column":2},"end":{"line":20,"column":3}},{"start":{"line":18,"column":9},"end":{"line":20,"column":3}}],"line":16}},"s":{"0":0,"1":0,"2":0,"3":0,"4":0},"f":{"0":0},"b":{"0":[0,0],"1":[0,0]}}
,"/Users/dev03/proyects/kanbee/src/i18n/index.ts": {"path":"/Users/dev03/proyects/kanbee/src/i18n/index.ts","statementMap":{"0":{"start":{"line":9,"column":18},"end":{"line":12,"column":1}},"1":{"start":{"line":14,"column":0},"end":{"line":24,"column":2}},"2":{"start":{"line":26,"column":33},"end":{"line":31,"column":1}},"3":{"start":{"line":27,"column":24},"end":{"line":27,"column":67}},"4":{"start":{"line":28,"column":2},"end":{"line":30,"column":3}},"5":{"start":{"line":29,"column":4},"end":{"line":29,"column":38}},"6":{"start":{"line":33,"column":0},"end":{"line":33,"column":19}}},"fnMap":{"0":{"name":"(anonymous_0)","decl":{"start":{"line":26,"column":33},"end":{"line":26,"column":34}},"loc":{"start":{"line":26,"column":45},"end":{"line":31,"column":1}},"line":26}},"branchMap":{"0":{"loc":{"start":{"line":16,"column":7},"end":{"line":16,"column":56}},"type":"binary-expr","locations":[{"start":{"line":16,"column":7},"end":{"line":16,"column":48}},{"start":{"line":16,"column":52},"end":{"line":16,"column":56}}],"line":16},"1":{"loc":{"start":{"line":28,"column":2},"end":{"line":30,"column":3}},"type":"if","locations":[{"start":{"line":28,"column":2},"end":{"line":30,"column":3}},{"start":{},"end":{}}],"line":28},"2":{"loc":{"start":{"line":28,"column":6},"end":{"line":28,"column":54}},"type":"binary-expr","locations":[{"start":{"line":28,"column":6},"end":{"line":28,"column":19}},{"start":{"line":28,"column":23},"end":{"line":28,"column":54}}],"line":28}},"s":{"0":0,"1":0,"2":0,"3":0,"4":0,"5":0,"6":0},"f":{"0":0},"b":{"0":[0,0],"1":[0,0],"2":[0,0]}}
,"/Users/dev03/proyects/kanbee/src/infrastructure/database/client.ts": {"path":"/Users/dev03/proyects/kanbee/src/infrastructure/database/client.ts","statementMap":{"0":{"start":{"line":6,"column":15},"end":{"line":6,"column":51}},"1":{"start":{"line":8,"column":0},"end":{"line":8,"column":44}},"2":{"start":{"line":10,"column":18},"end":{"line":10,"column":45}}},"fnMap":{},"branchMap":{},"s":{"0":0,"1":0,"2":0},"f":{},"b":{}}
,"/Users/dev03/proyects/kanbee/src/infrastructure/database/database.ts": {"path":"/Users/dev03/proyects/kanbee/src/infrastructure/database/database.ts","statementMap":{"0":{"start":{"line":3,"column":21},"end":{"line":8,"column":2}},"1":{"start":{"line":10,"column":22},"end":{"line":18,"column":2}},"2":{"start":{"line":20,"column":21},"end":{"line":27,"column":2}},"3":{"start":{"line":29,"column":21},"end":{"line":40,"column":2}}},"fnMap":{},"branchMap":{},"s":{"0":0,"1":0,"2":0,"3":0},"f":{},"b":{}}
,"/Users/dev03/proyects/kanbee/src/infrastructure/database/migrations.ts": {"path":"/Users/dev03/proyects/kanbee/src/infrastructure/database/migrations.ts","statementMap":{"0":{"start":{"line":3,"column":18},"end":{"line":3,"column":23}},"1":{"start":{"line":6,"column":2},"end":{"line":6,"column":26}},"2":{"start":{"line":6,"column":19},"end":{"line":6,"column":26}},"3":{"start":{"line":8,"column":13},"end":{"line":8,"column":49}},"4":{"start":{"line":11,"column":2},"end":{"line":11,"column":43}},"5":{"start":{"line":13,"column":2},"end":{"line":20,"column":5}},"6":{"start":{"line":24,"column":2},"end":{"line":27,"column":5}},"7":{"start":{"line":29,"column":2},"end":{"line":40,"column":5}},"8":{"start":{"line":42,"column":2},"end":{"line":52,"column":5}},"9":{"start":{"line":54,"column":2},"end":{"line":66,"column":5}},"10":{"start":{"line":68,"column":2},"end":{"line":68,"column":21}}},"fnMap":{"0":{"name":"initializeDatabase","decl":{"start":{"line":5,"column":22},"end":{"line":5,"column":40}},"loc":{"start":{"line":5,"column":58},"end":{"line":69,"column":1}},"line":5}},"branchMap":{"0":{"loc":{"start":{"line":6,"column":2},"end":{"line":6,"column":26}},"type":"if","locations":[{"start":{"line":6,"column":2},"end":{"line":6,"column":26}},{"start":{},"end":{}}],"line":6}},"s":{"0":0,"1":0,"2":0,"3":0,"4":0,"5":0,"6":0,"7":0,"8":0,"9":0,"10":0},"f":{"0":0},"b":{"0":[0,0]}}
,"/Users/dev03/proyects/kanbee/src/infrastructure/database/schema.ts": {"path":"/Users/dev03/proyects/kanbee/src/infrastructure/database/schema.ts","statementMap":{"0":{"start":{"line":4,"column":21},"end":{"line":9,"column":2}},"1":{"start":{"line":11,"column":22},"end":{"line":21,"column":2}},"2":{"start":{"line":15,"column":22},"end":{"line":15,"column":30}},"3":{"start":{"line":23,"column":21},"end":{"line":32,"column":2}},"4":{"start":{"line":27,"column":22},"end":{"line":27,"column":31}},"5":{"start":{"line":34,"column":21},"end":{"line":47,"column":2}},"6":{"start":{"line":38,"column":22},"end":{"line":38,"column":30}},"7":{"start":{"line":49,"column":30},"end":{"line":51,"column":3}},"8":{"start":{"line":49,"column":62},"end":{"line":51,"column":1}},"9":{"start":{"line":53,"column":31},"end":{"line":59,"column":3}},"10":{"start":{"line":53,"column":69},"end":{"line":59,"column":1}},"11":{"start":{"line":61,"column":30},"end":{"line":67,"column":3}},"12":{"start":{"line":61,"column":67},"end":{"line":67,"column":1}},"13":{"start":{"line":69,"column":30},"end":{"line":74,"column":3}},"14":{"start":{"line":69,"column":61},"end":{"line":74,"column":1}},"15":{"start":{"line":76,"column":22},"end":{"line":85,"column":1}}},"fnMap":{"0":{"name":"(anonymous_0)","decl":{"start":{"line":15,"column":16},"end":{"line":15,"column":17}},"loc":{"start":{"line":15,"column":22},"end":{"line":15,"column":30}},"line":15},"1":{"name":"(anonymous_1)","decl":{"start":{"line":27,"column":16},"end":{"line":27,"column":17}},"loc":{"start":{"line":27,"column":22},"end":{"line":27,"column":31}},"line":27},"2":{"name":"(anonymous_2)","decl":{"start":{"line":38,"column":16},"end":{"line":38,"column":17}},"loc":{"start":{"line":38,"column":22},"end":{"line":38,"column":30}},"line":38},"3":{"name":"(anonymous_3)","decl":{"start":{"line":49,"column":47},"end":{"line":49,"column":48}},"loc":{"start":{"line":49,"column":62},"end":{"line":51,"column":1}},"line":49},"4":{"name":"(anonymous_4)","decl":{"start":{"line":53,"column":49},"end":{"line":53,"column":50}},"loc":{"start":{"line":53,"column":69},"end":{"line":59,"column":1}},"line":53},"5":{"name":"(anonymous_5)","decl":{"start":{"line":61,"column":47},"end":{"line":61,"column":48}},"loc":{"start":{"line":61,"column":67},"end":{"line":67,"column":1}},"line":61},"6":{"name":"(anonymous_6)","decl":{"start":{"line":69,"column":47},"end":{"line":69,"column":48}},"loc":{"start":{"line":69,"column":61},"end":{"line":74,"column":1}},"line":69}},"branchMap":{},"s":{"0":0,"1":0,"2":0,"3":0,"4":0,"5":0,"6":0,"7":0,"8":0,"9":0,"10":0,"11":0,"12":0,"13":0,"14":0,"15":0},"f":{"0":0,"1":0,"2":0,"3":0,"4":0,"5":0,"6":0},"b":{}}
,"/Users/dev03/proyects/kanbee/src/infrastructure/repositories/SQLiteBoardRepository.ts": {"path":"/Users/dev03/proyects/kanbee/src/infrastructure/repositories/SQLiteBoardRepository.ts","statementMap":{"0":{"start":{"line":9,"column":19},"end":{"line":9,"column":74}},"1":{"start":{"line":10,"column":2},"end":{"line":10,"column":65}},"2":{"start":{"line":10,"column":34},"end":{"line":10,"column":63}},"3":{"start":{"line":14,"column":19},"end":{"line":14,"column":66}},"4":{"start":{"line":15,"column":2},"end":{"line":15,"column":16}},"5":{"start":{"line":19,"column":2},"end":{"line":27,"column":4}},"6":{"start":{"line":32,"column":4},"end":{"line":35,"column":7}},"7":{"start":{"line":33,"column":19},"end":{"line":33,"column":49}},"8":{"start":{"line":34,"column":6},"end":{"line":34,"column":38}},"9":{"start":{"line":39,"column":4},"end":{"line":43,"column":7}},"10":{"start":{"line":40,"column":19},"end":{"line":40,"column":83}},"11":{"start":{"line":41,"column":18},"end":{"line":41,"column":25}},"12":{"start":{"line":42,"column":6},"end":{"line":42,"column":46}},"13":{"start":{"line":47,"column":4},"end":{"line":70,"column":7}},"14":{"start":{"line":49,"column":8},"end":{"line":51,"column":33}},"15":{"start":{"line":52,"column":24},"end":{"line":52,"column":34}},"16":{"start":{"line":54,"column":49},"end":{"line":62,"column":7}},"17":{"start":{"line":64,"column":6},"end":{"line":64,"column":45}},"18":{"start":{"line":66,"column":19},"end":{"line":66,"column":83}},"19":{"start":{"line":67,"column":23},"end":{"line":67,"column":30}},"20":{"start":{"line":69,"column":6},"end":{"line":69,"column":38}},"21":{"start":{"line":74,"column":4},"end":{"line":97,"column":7}},"22":{"start":{"line":75,"column":62},"end":{"line":75,"column":64}},"23":{"start":{"line":77,"column":6},"end":{"line":79,"column":7}},"24":{"start":{"line":78,"column":8},"end":{"line":78,"column":38}},"25":{"start":{"line":80,"column":6},"end":{"line":82,"column":7}},"26":{"start":{"line":81,"column":8},"end":{"line":81,"column":46}},"27":{"start":{"line":83,"column":6},"end":{"line":85,"column":7}},"28":{"start":{"line":84,"column":8},"end":{"line":84,"column":48}},"29":{"start":{"line":86,"column":6},"end":{"line":88,"column":7}},"30":{"start":{"line":87,"column":8},"end":{"line":87,"column":40}},"31":{"start":{"line":90,"column":6},"end":{"line":90,"column":40}},"32":{"start":{"line":92,"column":6},"end":{"line":94,"column":7}},"33":{"start":{"line":93,"column":8},"end":{"line":93,"column":15}},"34":{"start":{"line":96,"column":6},"end":{"line":96,"column":71}},"35":{"start":{"line":101,"column":4},"end":{"line":103,"column":7}},"36":{"start":{"line":102,"column":6},"end":{"line":102,"column":55}}},"fnMap":{"0":{"name":"randomDelay","decl":{"start":{"line":8,"column":9},"end":{"line":8,"column":20}},"loc":{"start":{"line":8,"column":62},"end":{"line":11,"column":1}},"line":8},"1":{"name":"(anonymous_1)","decl":{"start":{"line":10,"column":21},"end":{"line":10,"column":22}},"loc":{"start":{"line":10,"column":34},"end":{"line":10,"column":63}},"line":10},"2":{"name":"withFakeLatency","decl":{"start":{"line":13,"column":15},"end":{"line":13,"column":30}},"loc":{"start":{"line":13,"column":75},"end":{"line":16,"column":1}},"line":13},"3":{"name":"mapRowToEntity","decl":{"start":{"line":18,"column":9},"end":{"line":18,"column":23}},"loc":{"start":{"line":18,"column":64},"end":{"line":28,"column":1}},"line":18},"4":{"name":"(anonymous_4)","decl":{"start":{"line":31,"column":2},"end":{"line":31,"column":3}},"loc":{"start":{"line":31,"column":38},"end":{"line":36,"column":3}},"line":31},"5":{"name":"(anonymous_5)","decl":{"start":{"line":32,"column":27},"end":{"line":32,"column":28}},"loc":{"start":{"line":32,"column":39},"end":{"line":35,"column":5}},"line":32},"6":{"name":"(anonymous_6)","decl":{"start":{"line":38,"column":2},"end":{"line":38,"column":3}},"loc":{"start":{"line":38,"column":56},"end":{"line":44,"column":3}},"line":38},"7":{"name":"(anonymous_7)","decl":{"start":{"line":39,"column":27},"end":{"line":39,"column":28}},"loc":{"start":{"line":39,"column":39},"end":{"line":43,"column":5}},"line":39},"8":{"name":"(anonymous_8)","decl":{"start":{"line":46,"column":2},"end":{"line":46,"column":3}},"loc":{"start":{"line":46,"column":76},"end":{"line":71,"column":3}},"line":46},"9":{"name":"(anonymous_9)","decl":{"start":{"line":47,"column":27},"end":{"line":47,"column":28}},"loc":{"start":{"line":47,"column":39},"end":{"line":70,"column":5}},"line":47},"10":{"name":"(anonymous_10)","decl":{"start":{"line":73,"column":2},"end":{"line":73,"column":3}},"loc":{"start":{"line":73,"column":69},"end":{"line":98,"column":3}},"line":73},"11":{"name":"(anonymous_11)","decl":{"start":{"line":74,"column":27},"end":{"line":74,"column":28}},"loc":{"start":{"line":74,"column":39},"end":{"line":97,"column":5}},"line":74},"12":{"name":"(anonymous_12)","decl":{"start":{"line":100,"column":2},"end":{"line":100,"column":3}},"loc":{"start":{"line":100,"column":47},"end":{"line":104,"column":3}},"line":100},"13":{"name":"(anonymous_13)","decl":{"start":{"line":101,"column":27},"end":{"line":101,"column":28}},"loc":{"start":{"line":101,"column":39},"end":{"line":103,"column":5}},"line":101}},"branchMap":{"0":{"loc":{"start":{"line":8,"column":21},"end":{"line":8,"column":32}},"type":"default-arg","locations":[{"start":{"line":8,"column":29},"end":{"line":8,"column":32}}],"line":8},"1":{"loc":{"start":{"line":8,"column":34},"end":{"line":8,"column":45}},"type":"default-arg","locations":[{"start":{"line":8,"column":42},"end":{"line":8,"column":45}}],"line":8},"2":{"loc":{"start":{"line":23,"column":11},"end":{"line":23,"column":33}},"type":"binary-expr","locations":[{"start":{"line":23,"column":11},"end":{"line":23,"column":20}},{"start":{"line":23,"column":24},"end":{"line":23,"column":33}}],"line":23},"3":{"loc":{"start":{"line":26,"column":15},"end":{"line":26,"column":41}},"type":"binary-expr","locations":[{"start":{"line":26,"column":15},"end":{"line":26,"column":28}},{"start":{"line":26,"column":32},"end":{"line":26,"column":41}}],"line":26},"4":{"loc":{"start":{"line":42,"column":13},"end":{"line":42,"column":45}},"type":"cond-expr","locations":[{"start":{"line":42,"column":19},"end":{"line":42,"column":38}},{"start":{"line":42,"column":41},"end":{"line":42,"column":45}}],"line":42},"5":{"loc":{"start":{"line":49,"column":8},"end":{"line":51,"column":33}},"type":"cond-expr","locations":[{"start":{"line":50,"column":12},"end":{"line":50,"column":31}},{"start":{"line":51,"column":12},"end":{"line":51,"column":33}}],"line":49},"6":{"loc":{"start":{"line":49,"column":8},"end":{"line":49,"column":63}},"type":"binary-expr","locations":[{"start":{"line":49,"column":8},"end":{"line":49,"column":37}},{"start":{"line":49,"column":41},"end":{"line":49,"column":63}}],"line":49},"7":{"loc":{"start":{"line":58,"column":15},"end":{"line":58,"column":34}},"type":"binary-expr","locations":[{"start":{"line":58,"column":15},"end":{"line":58,"column":26}},{"start":{"line":58,"column":30},"end":{"line":58,"column":34}}],"line":58},"8":{"loc":{"start":{"line":59,"column":20},"end":{"line":59,"column":45}},"type":"binary-expr","locations":[{"start":{"line":59,"column":20},"end":{"line":59,"column":36}},{"start":{"line":59,"column":40},"end":{"line":59,"column":45}}],"line":59},"9":{"loc":{"start":{"line":61,"column":19},"end":{"line":61,"column":42}},"type":"binary-expr","locations":[{"start":{"line":61,"column":19},"end":{"line":61,"column":34}},{"start":{"line":61,"column":38},"end":{"line":61,"column":42}}],"line":61},"10":{"loc":{"start":{"line":77,"column":6},"end":{"line":79,"column":7}},"type":"if","locations":[{"start":{"line":77,"column":6},"end":{"line":79,"column":7}},{"start":{},"end":{}}],"line":77},"11":{"loc":{"start":{"line":80,"column":6},"end":{"line":82,"column":7}},"type":"if","locations":[{"start":{"line":80,"column":6},"end":{"line":82,"column":7}},{"start":{},"end":{}}],"line":80},"12":{"loc":{"start":{"line":81,"column":27},"end":{"line":81,"column":45}},"type":"binary-expr","locations":[{"start":{"line":81,"column":27},"end":{"line":81,"column":37}},{"start":{"line":81,"column":41},"end":{"line":81,"column":45}}],"line":81},"13":{"loc":{"start":{"line":83,"column":6},"end":{"line":85,"column":7}},"type":"if","locations":[{"start":{"line":83,"column":6},"end":{"line":85,"column":7}},{"start":{},"end":{}}],"line":83},"14":{"loc":{"start":{"line":86,"column":6},"end":{"line":88,"column":7}},"type":"if","locations":[{"start":{"line":86,"column":6},"end":{"line":88,"column":7}},{"start":{},"end":{}}],"line":86},"15":{"loc":{"start":{"line":92,"column":6},"end":{"line":94,"column":7}},"type":"if","locations":[{"start":{"line":92,"column":6},"end":{"line":94,"column":7}},{"start":{},"end":{}}],"line":92}},"s":{"0":0,"1":0,"2":0,"3":0,"4":0,"5":0,"6":0,"7":0,"8":0,"9":0,"10":0,"11":0,"12":0,"13":0,"14":0,"15":0,"16":0,"17":0,"18":0,"19":0,"20":0,"21":0,"22":0,"23":0,"24":0,"25":0,"26":0,"27":0,"28":0,"29":0,"30":0,"31":0,"32":0,"33":0,"34":0,"35":0,"36":0},"f":{"0":0,"1":0,"2":0,"3":0,"4":0,"5":0,"6":0,"7":0,"8":0,"9":0,"10":0,"11":0,"12":0,"13":0},"b":{"0":[0],"1":[0],"2":[0,0],"3":[0,0],"4":[0,0],"5":[0,0],"6":[0,0],"7":[0,0],"8":[0,0],"9":[0,0],"10":[0,0],"11":[0,0],"12":[0,0],"13":[0,0],"14":[0,0],"15":[0,0]}}
,"/Users/dev03/proyects/kanbee/src/infrastructure/repositories/testing/MockBoardRepository.ts": {"path":"/Users/dev03/proyects/kanbee/src/infrastructure/repositories/testing/MockBoardRepository.ts","statementMap":{"0":{"start":{"line":6,"column":28},"end":{"line":6,"column":30}},"1":{"start":{"line":9,"column":4},"end":{"line":11,"column":6}},"2":{"start":{"line":10,"column":6},"end":{"line":10,"column":49}},"3":{"start":{"line":10,"column":23},"end":{"line":10,"column":43}},"4":{"start":{"line":15,"column":4},"end":{"line":15,"column":55}},"5":{"start":{"line":15,"column":35},"end":{"line":15,"column":46}},"6":{"start":{"line":19,"column":28},"end":{"line":24,"column":5}},"7":{"start":{"line":25,"column":4},"end":{"line":25,"column":30}},"8":{"start":{"line":26,"column":4},"end":{"line":26,"column":19}},"9":{"start":{"line":30,"column":18},"end":{"line":30,"column":59}},"10":{"start":{"line":30,"column":47},"end":{"line":30,"column":58}},"11":{"start":{"line":31,"column":4},"end":{"line":33,"column":5}},"12":{"start":{"line":32,"column":6},"end":{"line":32,"column":84}},"13":{"start":{"line":37,"column":4},"end":{"line":37,"column":56}},"14":{"start":{"line":37,"column":44},"end":{"line":37,"column":55}}},"fnMap":{"0":{"name":"(anonymous_0)","decl":{"start":{"line":8,"column":2},"end":{"line":8,"column":3}},"loc":{"start":{"line":8,"column":38},"end":{"line":12,"column":3}},"line":8},"1":{"name":"(anonymous_1)","decl":{"start":{"line":9,"column":23},"end":{"line":9,"column":24}},"loc":{"start":{"line":9,"column":36},"end":{"line":11,"column":5}},"line":9},"2":{"name":"(anonymous_2)","decl":{"start":{"line":10,"column":17},"end":{"line":10,"column":18}},"loc":{"start":{"line":10,"column":23},"end":{"line":10,"column":43}},"line":10},"3":{"name":"(anonymous_3)","decl":{"start":{"line":14,"column":2},"end":{"line":14,"column":3}},"loc":{"start":{"line":14,"column":56},"end":{"line":16,"column":3}},"line":14},"4":{"name":"(anonymous_4)","decl":{"start":{"line":15,"column":28},"end":{"line":15,"column":29}},"loc":{"start":{"line":15,"column":35},"end":{"line":15,"column":46}},"line":15},"5":{"name":"(anonymous_5)","decl":{"start":{"line":18,"column":2},"end":{"line":18,"column":3}},"loc":{"start":{"line":18,"column":76},"end":{"line":27,"column":3}},"line":18},"6":{"name":"(anonymous_6)","decl":{"start":{"line":29,"column":2},"end":{"line":29,"column":3}},"loc":{"start":{"line":29,"column":69},"end":{"line":34,"column":3}},"line":29},"7":{"name":"(anonymous_7)","decl":{"start":{"line":30,"column":40},"end":{"line":30,"column":41}},"loc":{"start":{"line":30,"column":47},"end":{"line":30,"column":58}},"line":30},"8":{"name":"(anonymous_8)","decl":{"start":{"line":36,"column":2},"end":{"line":36,"column":3}},"loc":{"start":{"line":36,"column":47},"end":{"line":38,"column":3}},"line":36},"9":{"name":"(anonymous_9)","decl":{"start":{"line":37,"column":37},"end":{"line":37,"column":38}},"loc":{"start":{"line":37,"column":44},"end":{"line":37,"column":55}},"line":37}},"branchMap":{"0":{"loc":{"start":{"line":15,"column":11},"end":{"line":15,"column":55}},"type":"binary-expr","locations":[{"start":{"line":15,"column":11},"end":{"line":15,"column":47}},{"start":{"line":15,"column":51},"end":{"line":15,"column":55}}],"line":15},"1":{"loc":{"start":{"line":23,"column":18},"end":{"line":23,"column":43}},"type":"binary-expr","locations":[{"start":{"line":23,"column":18},"end":{"line":23,"column":34}},{"start":{"line":23,"column":38},"end":{"line":23,"column":43}}],"line":23},"2":{"loc":{"start":{"line":31,"column":4},"end":{"line":33,"column":5}},"type":"if","locations":[{"start":{"line":31,"column":4},"end":{"line":33,"column":5}},{"start":{},"end":{}}],"line":31}},"s":{"0":0,"1":0,"2":0,"3":0,"4":0,"5":0,"6":0,"7":0,"8":0,"9":0,"10":0,"11":0,"12":0,"13":0,"14":0},"f":{"0":0,"1":0,"2":0,"3":0,"4":0,"5":0,"6":0,"7":0,"8":0,"9":0},"b":{"0":[0,0],"1":[0,0],"2":[0,0]}}
,"/Users/dev03/proyects/kanbee/src/store/useBoardStore.ts": {"path":"/Users/dev03/proyects/kanbee/src/store/useBoardStore.ts","statementMap":{"0":{"start":{"line":24,"column":26},"end":{"line":24,"column":115}},"1":{"start":{"line":26,"column":32},"end":{"line":78,"column":1}},"2":{"start":{"line":27,"column":2},"end":{"line":77,"column":5}},"3":{"start":{"line":27,"column":48},"end":{"line":77,"column":3}},"4":{"start":{"line":32,"column":31},"end":{"line":32,"column":58}},"5":{"start":{"line":34,"column":6},"end":{"line":34,"column":43}},"6":{"start":{"line":35,"column":6},"end":{"line":41,"column":7}},"7":{"start":{"line":36,"column":23},"end":{"line":36,"column":51}},"8":{"start":{"line":37,"column":8},"end":{"line":37,"column":49}},"9":{"start":{"line":39,"column":24},"end":{"line":39,"column":88}},"10":{"start":{"line":40,"column":8},"end":{"line":40,"column":49}},"11":{"start":{"line":51,"column":6},"end":{"line":51,"column":43}},"12":{"start":{"line":52,"column":6},"end":{"line":61,"column":7}},"13":{"start":{"line":53,"column":24},"end":{"line":53,"column":64}},"14":{"start":{"line":54,"column":8},"end":{"line":57,"column":11}},"15":{"start":{"line":54,"column":24},"end":{"line":57,"column":9}},"16":{"start":{"line":59,"column":24},"end":{"line":59,"column":89}},"17":{"start":{"line":60,"column":8},"end":{"line":60,"column":49}},"18":{"start":{"line":65,"column":6},"end":{"line":65,"column":43}},"19":{"start":{"line":66,"column":6},"end":{"line":75,"column":7}},"20":{"start":{"line":67,"column":8},"end":{"line":67,"column":40}},"21":{"start":{"line":68,"column":8},"end":{"line":71,"column":11}},"22":{"start":{"line":68,"column":24},"end":{"line":71,"column":9}},"23":{"start":{"line":69,"column":49},"end":{"line":69,"column":64}},"24":{"start":{"line":73,"column":24},"end":{"line":73,"column":89}},"25":{"start":{"line":74,"column":8},"end":{"line":74,"column":49}},"26":{"start":{"line":80,"column":29},"end":{"line":80,"column":47}}},"fnMap":{"0":{"name":"(anonymous_0)","decl":{"start":{"line":26,"column":32},"end":{"line":26,"column":33}},"loc":{"start":{"line":26,"column":86},"end":{"line":78,"column":1}},"line":26},"1":{"name":"(anonymous_1)","decl":{"start":{"line":27,"column":33},"end":{"line":27,"column":34}},"loc":{"start":{"line":27,"column":48},"end":{"line":77,"column":3}},"line":27},"2":{"name":"(anonymous_2)","decl":{"start":{"line":32,"column":20},"end":{"line":32,"column":21}},"loc":{"start":{"line":32,"column":31},"end":{"line":32,"column":58}},"line":32},"3":{"name":"(anonymous_3)","decl":{"start":{"line":33,"column":4},"end":{"line":33,"column":5}},"loc":{"start":{"line":33,"column":24},"end":{"line":42,"column":5}},"line":33},"4":{"name":"(anonymous_4)","decl":{"start":{"line":50,"column":4},"end":{"line":50,"column":5}},"loc":{"start":{"line":50,"column":43},"end":{"line":62,"column":5}},"line":50},"5":{"name":"(anonymous_5)","decl":{"start":{"line":54,"column":12},"end":{"line":54,"column":13}},"loc":{"start":{"line":54,"column":24},"end":{"line":57,"column":9}},"line":54},"6":{"name":"(anonymous_6)","decl":{"start":{"line":64,"column":4},"end":{"line":64,"column":5}},"loc":{"start":{"line":64,"column":34},"end":{"line":76,"column":5}},"line":64},"7":{"name":"(anonymous_7)","decl":{"start":{"line":68,"column":12},"end":{"line":68,"column":13}},"loc":{"start":{"line":68,"column":24},"end":{"line":71,"column":9}},"line":68},"8":{"name":"(anonymous_8)","decl":{"start":{"line":69,"column":38},"end":{"line":69,"column":39}},"loc":{"start":{"line":69,"column":49},"end":{"line":69,"column":64}},"line":69}},"branchMap":{"0":{"loc":{"start":{"line":24,"column":26},"end":{"line":24,"column":115}},"type":"cond-expr","locations":[{"start":{"line":24,"column":60},"end":{"line":24,"column":85}},{"start":{"line":24,"column":88},"end":{"line":24,"column":115}}],"line":24},"1":{"loc":{"start":{"line":26,"column":33},"end":{"line":26,"column":81}},"type":"default-arg","locations":[{"start":{"line":26,"column":64},"end":{"line":26,"column":81}}],"line":26},"2":{"loc":{"start":{"line":39,"column":24},"end":{"line":39,"column":88}},"type":"cond-expr","locations":[{"start":{"line":39,"column":49},"end":{"line":39,"column":62}},{"start":{"line":39,"column":65},"end":{"line":39,"column":88}}],"line":39},"3":{"loc":{"start":{"line":59,"column":24},"end":{"line":59,"column":89}},"type":"cond-expr","locations":[{"start":{"line":59,"column":49},"end":{"line":59,"column":62}},{"start":{"line":59,"column":65},"end":{"line":59,"column":89}}],"line":59},"4":{"loc":{"start":{"line":73,"column":24},"end":{"line":73,"column":89}},"type":"cond-expr","locations":[{"start":{"line":73,"column":49},"end":{"line":73,"column":62}},{"start":{"line":73,"column":65},"end":{"line":73,"column":89}}],"line":73}},"s":{"0":0,"1":0,"2":0,"3":0,"4":0,"5":0,"6":0,"7":0,"8":0,"9":0,"10":0,"11":0,"12":0,"13":0,"14":0,"15":0,"16":0,"17":0,"18":0,"19":0,"20":0,"21":0,"22":0,"23":0,"24":0,"25":0,"26":0},"f":{"0":0,"1":0,"2":0,"3":0,"4":0,"5":0,"6":0,"7":0,"8":0},"b":{"0":[0,0],"1":[0],"2":[0,0],"3":[0,0],"4":[0,0]}}
,"/Users/dev03/proyects/kanbee/src/store/useLanguajeStore.ts": {"path":"/Users/dev03/proyects/kanbee/src/store/useLanguajeStore.ts","statementMap":{"0":{"start":{"line":11,"column":32},"end":{"line":30,"column":1}},"1":{"start":{"line":13,"column":14},"end":{"line":24,"column":5}},"2":{"start":{"line":17,"column":8},"end":{"line":22,"column":9}},"3":{"start":{"line":18,"column":10},"end":{"line":18,"column":40}},"4":{"start":{"line":19,"column":10},"end":{"line":19,"column":32}},"5":{"start":{"line":21,"column":10},"end":{"line":21,"column":58}},"6":{"start":{"line":27,"column":39},"end":{"line":27,"column":51}}},"fnMap":{"0":{"name":"(anonymous_0)","decl":{"start":{"line":13,"column":4},"end":{"line":13,"column":5}},"loc":{"start":{"line":13,"column":14},"end":{"line":24,"column":5}},"line":13},"1":{"name":"(anonymous_1)","decl":{"start":{"line":16,"column":19},"end":{"line":16,"column":20}},"loc":{"start":{"line":16,"column":42},"end":{"line":23,"column":7}},"line":16},"2":{"name":"(anonymous_2)","decl":{"start":{"line":27,"column":33},"end":{"line":27,"column":34}},"loc":{"start":{"line":27,"column":39},"end":{"line":27,"column":51}},"line":27}},"branchMap":{"0":{"loc":{"start":{"line":14,"column":16},"end":{"line":14,"column":37}},"type":"binary-expr","locations":[{"start":{"line":14,"column":16},"end":{"line":14,"column":29}},{"start":{"line":14,"column":33},"end":{"line":14,"column":37}}],"line":14}},"s":{"0":0,"1":0,"2":0,"3":0,"4":0,"5":0,"6":0},"f":{"0":0,"1":0,"2":0},"b":{"0":[0,0]}}
}
